<?xml version="1.0" encoding="UTF-8"?>
<!-- Generated by org.testng.reporters.JUnitReportReporter -->
<testsuite skipped="0" hostname="LAPTOP-LT868505" name="com.rest.api.post.POSTAPIWithPOJO" tests="1" failures="0" timestamp="2020-09-19T22:13:10 SGT" time="6.715" errors="0">
  <testcase name="createUser_With_Pojo_Test" time="6.715" classname="com.rest.api.post.POSTAPIWithPOJO"/>
  <system-out/>
</testsuite> <!-- com.rest.api.post.POSTAPIWithPOJO -->
