<?xml version="1.0" encoding="UTF-8"?>
<!-- Generated by org.testng.reporters.JUnitReportReporter -->
<testsuite skipped="0" hostname="LAPTOP-LT868505" name="com.rest.api.authentications.AuthApis" tests="7" failures="0" timestamp="2020-09-20T00:21:40 SGT" time="10.006" errors="0">
  <testcase name="OAuth2_API_Test_With_AuthHeader" time="4.389" classname="com.rest.api.authentications.AuthApis"/>
  <system-out/>
  <testcase name="basic_auth_Preemptive_API_Test" time="0.809" classname="com.rest.api.authentications.AuthApis"/>
  <system-out/>
  <testcase name="basic_auth_Without_Preemptive_API_Test" time="0.924" classname="com.rest.api.authentications.AuthApis"/>
  <system-out/>
  <testcase name="OAuth2_API_test" time="0.289" classname="com.rest.api.authentications.AuthApis"/>
  <system-out/>
  <testcase name="basic_auth_digest_API_Test" time="0.873" classname="com.rest.api.authentications.AuthApis"/>
  <system-out/>
  <testcase name="OAuth_API_WithTwoParams_API_Test" time="0.302" classname="com.rest.api.authentications.AuthApis"/>
  <system-out/>
  <testcase name="basic_auth_form_API_Test" time="2.420" classname="com.rest.api.authentications.AuthApis"/>
  <system-out/>
</testsuite> <!-- com.rest.api.authentications.AuthApis -->
