<?xml version="1.0" encoding="UTF-8"?>
<!-- Generated by org.testng.reporters.JUnitReportReporter -->
<testsuite skipped="0" hostname="LAPTOP-LT868505" name="com.rest.api.schema.CheckSchemaTest" tests="1" failures="0" timestamp="2020-09-18T15:18:40 SGT" time="6.907" errors="0">
  <testcase name="bookings_Schema_Test" time="6.907" classname="com.rest.api.schema.CheckSchemaTest"/>
  <system-out/>
</testsuite> <!-- com.rest.api.schema.CheckSchemaTest -->
