<?xml version="1.0" encoding="UTF-8"?>
<!-- Generated by org.testng.reporters.JUnitReportReporter -->
<testsuite skipped="0" hostname="LAPTOP-LT868505" name="com.rest.api.put.PUTApiTest" tests="1" failures="0" timestamp="2020-09-19T22:26:09 SGT" time="6.334" errors="0">
  <testcase name="update_User_PUT_API_Test" time="6.334" classname="com.rest.api.put.PUTApiTest"/>
  <system-out/>
</testsuite> <!-- com.rest.api.put.PUTApiTest -->
