<?xml version="1.0" encoding="UTF-8"?>
<!-- Generated by org.testng.reporters.JUnitReportReporter -->
<testsuite skipped="0" hostname="LAPTOP-LT868505" name="com.rest.api.authentications.OAuth2APITests" tests="2" failures="0" timestamp="2020-09-18T11:54:23 SGT" time="4.572" errors="0">
  <testcase name="getAuth2TokenAPITest" time="0.482" classname="com.rest.api.authentications.OAuth2APITests"/>
  <system-out/>
  <testcase name="checkOAuth2_APITest" time="4.090" classname="com.rest.api.authentications.OAuth2APITests"/>
  <system-out/>
</testsuite> <!-- com.rest.api.authentications.OAuth2APITests -->
