<?xml version="1.0" encoding="UTF-8"?>
<!-- Generated by org.testng.reporters.JUnitReportReporter -->
<testsuite skipped="0" hostname="LAPTOP-LT868505" name="com.rest.api.get.GEtNOnBDDAPI" tests="3" failures="0" timestamp="2020-09-20T00:19:17 SGT" time="9.595" errors="0">
  <testcase name="getUSer_Non_Bdd_HashMapQueryParam_Test" time="9.068" classname="com.rest.api.get.GEtNOnBDDAPI"/>
  <system-out/>
  <testcase name="getUSer_Non_Bdd_WithQueryParam_Test" time="0.256" classname="com.rest.api.get.GEtNOnBDDAPI"/>
  <system-out/>
  <testcase name="getUSer_Non_Bdd_Test" time="0.271" classname="com.rest.api.get.GEtNOnBDDAPI"/>
  <system-out/>
</testsuite> <!-- com.rest.api.get.GEtNOnBDDAPI -->
